<?xml version="1.0" encoding="UTF-8"?>
<testsuite name="shelter.OrganicCatTest" tests="4" skipped="0" failures="0" errors="0" timestamp="2020-09-21T20:24:34" hostname="UNIT2020-15" time="0.012">
  <properties/>
  <testcase name="giveWaterToShouldIncreaseWaterLevelFrom60To70()" classname="shelter.OrganicCatTest" time="0.001"/>
  <testcase name="feedShouldIncreaseFoodLevelFrom20To30()" classname="shelter.OrganicCatTest" time="0.001"/>
  <testcase name="cleanLitterBoxesShouldIncreaseLitterBoxCleanlinessFrom30To100()" classname="shelter.OrganicCatTest" time="0.005"/>
  <testcase name="playWithShouldDecreaseBoredomFrom50To45()" classname="shelter.OrganicCatTest" time="0.002"/>
  <system-out><![CDATA[]]></system-out>
  <system-err><![CDATA[]]></system-err>
</testsuite>
