<?xml version="1.0" encoding="UTF-8"?>
<testsuite name="shelter.VirtualPetShelterTest" tests="4" skipped="0" failures="0" errors="0" timestamp="2020-09-21T20:24:34" hostname="UNIT2020-15" time="0.009">
  <properties/>
  <testcase name="shouldBeAbleToFeedAllOrganicPets()" classname="shelter.VirtualPetShelterTest" time="0.003"/>
  <testcase name="shouldBeAbleToGiveWaterToAllOrganicPets()" classname="shelter.VirtualPetShelterTest" time="0.002"/>
  <testcase name="shouldBeAbleToPlayWithAnOrganicPet()" classname="shelter.VirtualPetShelterTest" time="0.001"/>
  <testcase name="shouldBeAbleToOilAllRoboticPets()" classname="shelter.VirtualPetShelterTest" time="0.001"/>
  <system-out><![CDATA[]]></system-out>
  <system-err><![CDATA[]]></system-err>
</testsuite>
