<?xml version="1.0" encoding="UTF-8"?>
<testsuite name="shelter.RoboticDogTest" tests="2" skipped="0" failures="0" errors="0" timestamp="2020-09-21T20:24:34" hostname="UNIT2020-15" time="0.003">
  <properties/>
  <testcase name="oilShouldIncreaseOilLevelFrom20To30()" classname="shelter.RoboticDogTest" time="0.001"/>
  <testcase name="walkIncreasesHappinessLevelBy10()" classname="shelter.RoboticDogTest" time="0.001"/>
  <system-out><![CDATA[]]></system-out>
  <system-err><![CDATA[]]></system-err>
</testsuite>
